0 info it worked if it ends with ok
1 verbose cli [ '/usr/bin/node', '/usr/bin/npm', 'install', 'socket.io' ]
2 info using npm@1.2.18
3 info using node@v0.10.5
4 verbose node symlink /usr/bin/node
5 verbose read json /home/etienne/nodejs/pirate/package.json
6 warn package.json application-name@0.0.1 No README.md file found!
7 verbose read json /home/etienne/nodejs/pirate/node_modules/express/package.json
8 verbose read json /home/etienne/nodejs/pirate/node_modules/formidable/package.json
9 verbose read json /home/etienne/nodejs/pirate/node_modules/jade/package.json
10 verbose read json /home/etienne/nodejs/pirate/node_modules/less/package.json
11 verbose read json /home/etienne/nodejs/pirate/node_modules/less-middleware/package.json
12 verbose from cache /home/etienne/nodejs/pirate/package.json
13 verbose readDependencies using package.json deps
14 verbose cache add [ 'socket.io', null ]
15 verbose cache add name=undefined spec="socket.io" args=["socket.io",null]
16 verbose parsed url { protocol: null,
16 verbose parsed url   slashes: null,
16 verbose parsed url   auth: null,
16 verbose parsed url   host: null,
16 verbose parsed url   port: null,
16 verbose parsed url   hostname: null,
16 verbose parsed url   hash: null,
16 verbose parsed url   search: null,
16 verbose parsed url   query: null,
16 verbose parsed url   pathname: 'socket.io',
16 verbose parsed url   path: 'socket.io',
16 verbose parsed url   href: 'socket.io' }
17 silly lockFile 71475bfd-socket-io socket.io
18 verbose lock socket.io /home/etienne/.npm/71475bfd-socket-io.lock
19 silly lockFile 71475bfd-socket-io socket.io
20 silly lockFile 71475bfd-socket-io socket.io
21 verbose addNamed [ 'socket.io', '' ]
22 verbose addNamed [ null, '' ]
23 silly lockFile c03de861-socket-io socket.io@
24 verbose lock socket.io@ /home/etienne/.npm/c03de861-socket-io.lock
25 silly addNameRange { name: 'socket.io', range: '', hasData: false }
26 verbose url raw socket.io
27 verbose url resolving [ 'https://registry.npmjs.org/', './socket.io' ]
28 verbose url resolved https://registry.npmjs.org/socket.io
29 info trying registry request attempt 1 at 22:19:51
30 verbose etag "BTTAYUY0WSB05CMP5VXYE9MRF"
31 http GET https://registry.npmjs.org/socket.io
32 http 200 https://registry.npmjs.org/socket.io
33 silly registry.get cb [ 200,
33 silly registry.get   { vary: 'Accept',
33 silly registry.get     server: 'CouchDB/1.3.0 (Erlang OTP/R15B03)',
33 silly registry.get     etag: '"B1EJT7PU69P9DN8CJKAYP1JQK"',
33 silly registry.get     date: 'Sun, 28 Apr 2013 20:19:58 GMT',
33 silly registry.get     'content-type': 'application/json',
33 silly registry.get     'content-length': '208393' } ]
34 silly addNameRange number 2 { name: 'socket.io', range: '', hasData: true }
35 silly addNameRange versions [ 'socket.io',
35 silly addNameRange   [ '0.3.8',
35 silly addNameRange     '0.4.0',
35 silly addNameRange     '0.4.1',
35 silly addNameRange     '0.5.1',
35 silly addNameRange     '0.5.3',
35 silly addNameRange     '0.6.0',
35 silly addNameRange     '0.6.1',
35 silly addNameRange     '0.6.3',
35 silly addNameRange     '0.6.4',
35 silly addNameRange     '0.6.5',
35 silly addNameRange     '0.6.6',
35 silly addNameRange     '0.6.7',
35 silly addNameRange     '0.6.8',
35 silly addNameRange     '0.6.9',
35 silly addNameRange     '0.6.10',
35 silly addNameRange     '0.6.11',
35 silly addNameRange     '0.6.12',
35 silly addNameRange     '0.6.14',
35 silly addNameRange     '0.6.15',
35 silly addNameRange     '0.6.16',
35 silly addNameRange     '0.6.17',
35 silly addNameRange     '0.6.18',
35 silly addNameRange     '0.7.0',
35 silly addNameRange     '0.7.1',
35 silly addNameRange     '0.7.2',
35 silly addNameRange     '0.7.3',
35 silly addNameRange     '0.7.4',
35 silly addNameRange     '0.7.5',
35 silly addNameRange     '0.7.6',
35 silly addNameRange     '0.7.7',
35 silly addNameRange     '0.7.8',
35 silly addNameRange     '0.7.9',
35 silly addNameRange     '0.7.10',
35 silly addNameRange     '0.7.11',
35 silly addNameRange     '0.8.0',
35 silly addNameRange     '0.8.1',
35 silly addNameRange     '0.8.2',
35 silly addNameRange     '0.8.3',
35 silly addNameRange     '0.8.4',
35 silly addNameRange     '0.8.5',
35 silly addNameRange     '0.8.6',
35 silly addNameRange     '0.8.7',
35 silly addNameRange     '0.9.0',
35 silly addNameRange     '0.9.1',
35 silly addNameRange     '0.9.1-1',
35 silly addNameRange     '0.9.2',
35 silly addNameRange     '0.9.3',
35 silly addNameRange     '0.9.4',
35 silly addNameRange     '0.9.5',
35 silly addNameRange     '0.9.6',
35 silly addNameRange     '0.9.7',
35 silly addNameRange     '0.9.8',
35 silly addNameRange     '0.9.9',
35 silly addNameRange     '0.9.10',
35 silly addNameRange     '0.9.11',
35 silly addNameRange     '0.9.12',
35 silly addNameRange     '0.9.13',
35 silly addNameRange     '0.9.14' ] ]
36 verbose addNamed [ 'socket.io', '0.9.14' ]
37 verbose addNamed [ '0.9.14', '0.9.14' ]
38 silly lockFile 937091a8-socket-io-0-9-14 socket.io@0.9.14
39 verbose lock socket.io@0.9.14 /home/etienne/.npm/937091a8-socket-io-0-9-14.lock
40 silly lockFile 194f15d8-g-socket-io-socket-io-0-9-14-tgz https://registry.npmjs.org/socket.io/-/socket.io-0.9.14.tgz
41 verbose lock https://registry.npmjs.org/socket.io/-/socket.io-0.9.14.tgz /home/etienne/.npm/194f15d8-g-socket-io-socket-io-0-9-14-tgz.lock
42 verbose addRemoteTarball [ 'https://registry.npmjs.org/socket.io/-/socket.io-0.9.14.tgz',
42 verbose addRemoteTarball   '81af80ebf3ee8f7f6e71b1495db91f8fa53ff667' ]
43 info retry fetch attempt 1 at 22:20:03
44 verbose fetch to= /home/etienne/tmp/npm-29863/1367180403605-0.4997142143547535/tmp.tgz
45 http GET https://registry.npmjs.org/socket.io/-/socket.io-0.9.14.tgz
46 http 200 https://registry.npmjs.org/socket.io/-/socket.io-0.9.14.tgz
47 silly shasum updated bytes 34763
48 info shasum 81af80ebf3ee8f7f6e71b1495db91f8fa53ff667
48 info shasum /home/etienne/tmp/npm-29863/1367180403605-0.4997142143547535/tmp.tgz
49 verbose tar unpack /home/etienne/tmp/npm-29863/1367180403605-0.4997142143547535/tmp.tgz
50 silly lockFile 5adbcd7b-03605-0-4997142143547535-package /home/etienne/tmp/npm-29863/1367180403605-0.4997142143547535/package
51 verbose lock /home/etienne/tmp/npm-29863/1367180403605-0.4997142143547535/package /home/etienne/.npm/5adbcd7b-03605-0-4997142143547535-package.lock
52 silly lockFile 0d5d3946-03605-0-4997142143547535-tmp-tgz /home/etienne/tmp/npm-29863/1367180403605-0.4997142143547535/tmp.tgz
53 verbose lock /home/etienne/tmp/npm-29863/1367180403605-0.4997142143547535/tmp.tgz /home/etienne/.npm/0d5d3946-03605-0-4997142143547535-tmp-tgz.lock
54 silly gunzTarPerm modes [ '755', '644' ]
55 silly gunzTarPerm extractEntry package.json
56 silly gunzTarPerm extractEntry .npmignore
57 silly gunzTarPerm extractEntry LICENSE
58 silly gunzTarPerm extractEntry index.js
59 silly gunzTarPerm extractEntry TODO
60 silly gunzTarPerm extractEntry .travis.yml
61 silly gunzTarPerm extractEntry benchmarks/decode.bench.js
62 silly gunzTarPerm extractEntry benchmarks/encode.bench.js
63 silly gunzTarPerm extractEntry benchmarks/runner.js
64 silly gunzTarPerm extractEntry Makefile
65 silly gunzTarPerm extractEntry History.md
66 silly gunzTarPerm extractEntry Readme.md
67 silly gunzTarPerm extractEntry lib/logger.js
68 silly gunzTarPerm extractEntry lib/namespace.js
69 silly gunzTarPerm extractEntry lib/parser.js
70 silly gunzTarPerm extractEntry lib/socket.io.js
71 silly gunzTarPerm extractEntry lib/socket.js
72 silly gunzTarPerm extractEntry lib/manager.js
73 silly gunzTarPerm extractEntry lib/store.js
74 silly gunzTarPerm extractEntry lib/transport.js
75 silly gunzTarPerm extractEntry lib/util.js
76 silly gunzTarPerm extractEntry lib/static.js
77 silly gunzTarPerm extractEntry lib/stores/memory.js
78 silly gunzTarPerm extractEntry lib/stores/redis.js
79 silly gunzTarPerm extractEntry lib/transports/flashsocket.js
80 silly gunzTarPerm extractEntry lib/transports/htmlfile.js
81 silly gunzTarPerm extractEntry lib/transports/http-polling.js
82 silly gunzTarPerm extractEntry lib/transports/http.js
83 silly gunzTarPerm extractEntry lib/transports/index.js
84 silly gunzTarPerm extractEntry lib/transports/jsonp-polling.js
85 silly gunzTarPerm extractEntry lib/transports/websocket.js
86 silly gunzTarPerm extractEntry lib/transports/xhr-polling.js
87 silly gunzTarPerm extractEntry lib/transports/websocket/default.js
88 silly gunzTarPerm extractEntry lib/transports/websocket/hybi-07-12.js
89 silly gunzTarPerm extractEntry lib/transports/websocket/hybi-16.js
90 silly gunzTarPerm extractEntry lib/transports/websocket/index.js
91 verbose read json /home/etienne/tmp/npm-29863/1367180403605-0.4997142143547535/package/package.json
92 silly lockFile 5adbcd7b-03605-0-4997142143547535-package /home/etienne/tmp/npm-29863/1367180403605-0.4997142143547535/package
93 silly lockFile 5adbcd7b-03605-0-4997142143547535-package /home/etienne/tmp/npm-29863/1367180403605-0.4997142143547535/package
94 silly lockFile 0d5d3946-03605-0-4997142143547535-tmp-tgz /home/etienne/tmp/npm-29863/1367180403605-0.4997142143547535/tmp.tgz
95 silly lockFile 0d5d3946-03605-0-4997142143547535-tmp-tgz /home/etienne/tmp/npm-29863/1367180403605-0.4997142143547535/tmp.tgz
96 verbose from cache /home/etienne/tmp/npm-29863/1367180403605-0.4997142143547535/package/package.json
97 verbose tar pack [ '/home/etienne/.npm/socket.io/0.9.14/package.tgz',
97 verbose tar pack   '/home/etienne/tmp/npm-29863/1367180403605-0.4997142143547535/package' ]
98 verbose tarball /home/etienne/.npm/socket.io/0.9.14/package.tgz
99 verbose folder /home/etienne/tmp/npm-29863/1367180403605-0.4997142143547535/package
100 silly lockFile 5adbcd7b-03605-0-4997142143547535-package /home/etienne/tmp/npm-29863/1367180403605-0.4997142143547535/package
101 verbose lock /home/etienne/tmp/npm-29863/1367180403605-0.4997142143547535/package /home/etienne/.npm/5adbcd7b-03605-0-4997142143547535-package.lock
102 silly lockFile 7cb6a166-npm-socket-io-0-9-14-package-tgz /home/etienne/.npm/socket.io/0.9.14/package.tgz
103 verbose lock /home/etienne/.npm/socket.io/0.9.14/package.tgz /home/etienne/.npm/7cb6a166-npm-socket-io-0-9-14-package-tgz.lock
104 silly lockFile 5adbcd7b-03605-0-4997142143547535-package /home/etienne/tmp/npm-29863/1367180403605-0.4997142143547535/package
105 silly lockFile 5adbcd7b-03605-0-4997142143547535-package /home/etienne/tmp/npm-29863/1367180403605-0.4997142143547535/package
106 silly lockFile 7cb6a166-npm-socket-io-0-9-14-package-tgz /home/etienne/.npm/socket.io/0.9.14/package.tgz
107 silly lockFile 7cb6a166-npm-socket-io-0-9-14-package-tgz /home/etienne/.npm/socket.io/0.9.14/package.tgz
108 silly lockFile 194f15d8-g-socket-io-socket-io-0-9-14-tgz https://registry.npmjs.org/socket.io/-/socket.io-0.9.14.tgz
109 silly lockFile 194f15d8-g-socket-io-socket-io-0-9-14-tgz https://registry.npmjs.org/socket.io/-/socket.io-0.9.14.tgz
110 silly lockFile 937091a8-socket-io-0-9-14 socket.io@0.9.14
111 silly lockFile 937091a8-socket-io-0-9-14 socket.io@0.9.14
112 silly lockFile c03de861-socket-io socket.io@
113 silly lockFile c03de861-socket-io socket.io@
114 error Error: EPERM, chown '/home/etienne/.npm/socket.io/0.9.14/package.tgz'
114 error  { [Error: EPERM, chown '/home/etienne/.npm/socket.io/0.9.14/package.tgz']
114 error   errno: 50,
114 error   code: 'EPERM',
114 error   path: '/home/etienne/.npm/socket.io/0.9.14/package.tgz' }
115 error Please try running this command again as root/Administrator.
116 error System Linux 3.8.0-19-generic
117 error command "/usr/bin/node" "/usr/bin/npm" "install" "socket.io"
118 error cwd /home/etienne/nodejs/pirate
119 error node -v v0.10.5
120 error npm -v 1.2.18
121 error path /home/etienne/.npm/socket.io/0.9.14/package.tgz
122 error code EPERM
123 error errno 50
124 error stack Error: EPERM, chown '/home/etienne/.npm/socket.io/0.9.14/package.tgz'
125 verbose exit [ 50, true ]
